<?xml version="1.0" encoding="UTF-8"?>
<testsuite name="com.codurance.ListShould" tests="5" skipped="0" failures="0" errors="0" timestamp="2021-08-02T16:30:48" hostname="Toms-MacBook-Pro-2.local" time="0.067">
  <properties/>
  <testcase name="get_element_fromEmptyArray_throwsAnException()" classname="com.codurance.ListShould" time="0.017"/>
  <testcase name="get_element_from_list_with_one_element_returns_the_element()" classname="com.codurance.ListShould" time="0.044"/>
  <testcase name="have_sizeOfZero_when_empty()" classname="com.codurance.ListShould" time="0.001"/>
  <testcase name="get_element_at_position_1_from_array_with_one_element_throwsException()" classname="com.codurance.ListShould" time="0.001"/>
  <testcase name="have_sizeOfOne_when_has_one_element()" classname="com.codurance.ListShould" time="0.001"/>
  <system-out><![CDATA[]]></system-out>
  <system-err><![CDATA[]]></system-err>
</testsuite>
