<?xml version="1.0" encoding="UTF-8"?>
<testsuite name="com.codurance.ListShould" tests="1" skipped="0" failures="0" errors="0" timestamp="2021-08-02T16:18:03" hostname="Toms-MacBook-Pro-2.local" time="0.062">
  <properties/>
  <testcase name="have_sizeOfZero_when_empty()" classname="com.codurance.ListShould" time="0.062"/>
  <system-out><![CDATA[]]></system-out>
  <system-err><![CDATA[]]></system-err>
</testsuite>
